Command line
python /Users/sinhanushka_/opt/anaconda3/envs/chemprop/bin/chemprop_train --data_path /Users/sinhanushka_/Documents/GitHub/02-750-Final-Project/drop_cols_TYK2.csv --dataset_type regression --save_dir /Users/sinhanushka_/Documents/GitHub/02-750-Final-Project
Args
{'activation': 'ReLU',
 'adding_bond_types': True,
 'adding_h': False,
 'aggregation': 'mean',
 'aggregation_norm': 100,
 'atom_constraints': [],
 'atom_descriptor_scaling': True,
 'atom_descriptors': None,
 'atom_descriptors_path': None,
 'atom_descriptors_size': 0,
 'atom_features_size': 0,
 'atom_messages': False,
 'atom_targets': [],
 'batch_size': 50,
 'bias': False,
 'bias_solvent': False,
 'bond_constraints': [],
 'bond_descriptor_scaling': True,
 'bond_descriptors': None,
 'bond_descriptors_path': None,
 'bond_descriptors_size': 0,
 'bond_features_size': 0,
 'bond_targets': [],
 'cache_cutoff': 10000,
 'checkpoint_dir': None,
 'checkpoint_frzn': None,
 'checkpoint_path': None,
 'checkpoint_paths': None,
 'class_balance': False,
 'config_path': None,
 'constraints_path': None,
 'crossval_index_dir': None,
 'crossval_index_file': None,
 'crossval_index_sets': None,
 'cuda': False,
 'data_path': '/Users/sinhanushka_/Documents/GitHub/02-750-Final-Project/drop_cols_TYK2.csv',
 'data_weights_path': None,
 'dataset_type': 'regression',
 'depth': 3,
 'depth_solvent': 3,
 'device': device(type='cpu'),
 'dropout': 0.0,
 'empty_cache': False,
 'ensemble_size': 1,
 'epochs': 30,
 'evidential_regularization': 0,
 'explicit_h': False,
 'extra_metrics': [],
 'features_generator': None,
 'features_only': False,
 'features_path': None,
 'features_scaling': True,
 'features_size': None,
 'ffn_hidden_size': 300,
 'ffn_num_layers': 2,
 'final_lr': 0.0001,
 'folds_file': None,
 'freeze_first_only': False,
 'frzn_ffn_layers': 0,
 'gpu': None,
 'grad_clip': None,
 'hidden_size': 300,
 'hidden_size_solvent': 300,
 'ignore_columns': None,
 'ignore_nan_metrics': False,
 'init_lr': 0.0001,
 'is_atom_bond_targets': False,
 'keeping_atom_map': False,
 'log_frequency': 10,
 'loss_function': 'mse',
 'max_data_size': None,
 'max_lr': 0.001,
 'metric': 'rmse',
 'metrics': ['rmse'],
 'minimize_score': True,
 'mpn_shared': False,
 'multiclass_num_classes': 3,
 'no_adding_bond_types': False,
 'no_atom_descriptor_scaling': False,
 'no_bond_descriptor_scaling': False,
 'no_cache_mol': False,
 'no_cuda': False,
 'no_features_scaling': False,
 'no_shared_atom_bond_ffn': False,
 'num_folds': 1,
 'num_lrs': 1,
 'num_tasks': 1,
 'num_workers': 8,
 'number_of_molecules': 1,
 'overwrite_default_atom_features': False,
 'overwrite_default_bond_features': False,
 'phase_features_path': None,
 'pytorch_seed': 0,
 'quantile_loss_alpha': 0.1,
 'quantiles': [],
 'quiet': False,
 'reaction': False,
 'reaction_mode': 'reac_diff',
 'reaction_solvent': False,
 'resume_experiment': False,
 'save_dir': '/Users/sinhanushka_/Documents/GitHub/02-750-Final-Project',
 'save_preds': False,
 'save_smiles_splits': False,
 'seed': 0,
 'separate_test_atom_descriptors_path': None,
 'separate_test_bond_descriptors_path': None,
 'separate_test_constraints_path': None,
 'separate_test_features_path': None,
 'separate_test_path': None,
 'separate_test_phase_features_path': None,
 'separate_val_atom_descriptors_path': None,
 'separate_val_bond_descriptors_path': None,
 'separate_val_constraints_path': None,
 'separate_val_features_path': None,
 'separate_val_path': None,
 'separate_val_phase_features_path': None,
 'shared_atom_bond_ffn': True,
 'show_individual_scores': False,
 'smiles_columns': ['smiles'],
 'spectra_activation': 'exp',
 'spectra_phase_mask_path': None,
 'spectra_target_floor': 1e-08,
 'split_key_molecule': 0,
 'split_sizes': [0.8, 0.1, 0.1],
 'split_type': 'random',
 'target_columns': None,
 'target_weights': None,
 'task_names': ['target'],
 'test': False,
 'test_fold_index': None,
 'train_data_size': None,
 'undirected': False,
 'use_input_features': False,
 'val_fold_index': None,
 'warmup_epochs': 2.0,
 'weights_ffn_num_layers': 2}
Setting molecule featurization parameters to default.
Loading data
Number of tasks = 1
Fold 0
Splitting data with seed 0
Total size = 9,997 | train size = 7,997 | val size = 1,000 | test size = 1,000
Fitting scaler
Building model 0
MoleculeModel(
  (encoder): MPN(
    (encoder): ModuleList(
      (0): MPNEncoder(
        (dropout): Dropout(p=0.0, inplace=False)
        (act_func): ReLU()
        (W_i): Linear(in_features=147, out_features=300, bias=False)
        (W_h): Linear(in_features=300, out_features=300, bias=False)
        (W_o): Linear(in_features=433, out_features=300, bias=True)
      )
    )
  )
  (readout): Sequential(
    (0): Dropout(p=0.0, inplace=False)
    (1): Linear(in_features=300, out_features=300, bias=True)
    (2): ReLU()
    (3): Dropout(p=0.0, inplace=False)
    (4): Linear(in_features=300, out_features=1, bias=True)
  )
)
Number of parameters = 355,201
Epoch 0
Loss = 1.0488e+00, PNorm = 34.0108, GNorm = 2.3139, lr_0 = 1.3113e-04
Loss = 1.0778e+00, PNorm = 34.0129, GNorm = 1.2724, lr_0 = 1.5943e-04
Loss = 9.1700e-01, PNorm = 34.0168, GNorm = 1.9545, lr_0 = 1.8774e-04
Loss = 1.0392e+00, PNorm = 34.0237, GNorm = 2.2637, lr_0 = 2.1604e-04
Loss = 1.0113e+00, PNorm = 34.0331, GNorm = 1.4747, lr_0 = 2.4434e-04
Loss = 8.8441e-01, PNorm = 34.0429, GNorm = 3.6370, lr_0 = 2.7264e-04
Loss = 8.4016e-01, PNorm = 34.0509, GNorm = 2.6591, lr_0 = 3.0094e-04
Loss = 8.1192e-01, PNorm = 34.0658, GNorm = 5.0247, lr_0 = 3.2925e-04
Loss = 8.4836e-01, PNorm = 34.0882, GNorm = 3.0149, lr_0 = 3.5755e-04
Loss = 8.7045e-01, PNorm = 34.1062, GNorm = 1.4156, lr_0 = 3.8585e-04
Loss = 8.1671e-01, PNorm = 34.1259, GNorm = 5.5301, lr_0 = 4.1415e-04
Loss = 9.2258e-01, PNorm = 34.1521, GNorm = 9.5298, lr_0 = 4.4245e-04
Loss = 8.2098e-01, PNorm = 34.1773, GNorm = 1.7252, lr_0 = 4.7075e-04
Loss = 7.1689e-01, PNorm = 34.2072, GNorm = 0.9866, lr_0 = 4.9906e-04
Loss = 7.2908e-01, PNorm = 34.2412, GNorm = 4.0664, lr_0 = 5.2736e-04
Validation rmse = 1.157925
Epoch 1
Loss = 8.5512e-01, PNorm = 34.2901, GNorm = 5.7106, lr_0 = 5.5849e-04
Loss = 6.8244e-01, PNorm = 34.3460, GNorm = 10.5690, lr_0 = 5.8679e-04
Loss = 7.1563e-01, PNorm = 34.4124, GNorm = 4.5878, lr_0 = 6.1509e-04
Loss = 7.1890e-01, PNorm = 34.4762, GNorm = 2.5901, lr_0 = 6.4340e-04
Loss = 7.1197e-01, PNorm = 34.5512, GNorm = 6.9198, lr_0 = 6.7170e-04
Loss = 7.5478e-01, PNorm = 34.6242, GNorm = 11.5093, lr_0 = 7.0000e-04
Loss = 7.4741e-01, PNorm = 34.6992, GNorm = 8.2152, lr_0 = 7.2830e-04
Loss = 6.6219e-01, PNorm = 34.7864, GNorm = 13.6922, lr_0 = 7.5660e-04
Loss = 6.4292e-01, PNorm = 34.8550, GNorm = 1.9094, lr_0 = 7.8491e-04
Loss = 5.4504e-01, PNorm = 34.9409, GNorm = 1.5585, lr_0 = 8.1321e-04
Loss = 4.5069e-01, PNorm = 35.0322, GNorm = 6.1281, lr_0 = 8.4151e-04
Loss = 5.0286e-01, PNorm = 35.1119, GNorm = 7.8065, lr_0 = 8.6981e-04
Loss = 5.2467e-01, PNorm = 35.1971, GNorm = 6.4041, lr_0 = 8.9811e-04
Loss = 5.1474e-01, PNorm = 35.2815, GNorm = 1.3537, lr_0 = 9.2642e-04
Loss = 3.6469e-01, PNorm = 35.3678, GNorm = 3.0101, lr_0 = 9.5472e-04
Loss = 3.9653e-01, PNorm = 35.4491, GNorm = 2.2253, lr_0 = 9.8302e-04
Validation rmse = 0.854895
Epoch 2
Loss = 3.8581e-01, PNorm = 35.5348, GNorm = 4.0218, lr_0 = 9.9793e-04
Loss = 4.6428e-01, PNorm = 35.6087, GNorm = 1.6753, lr_0 = 9.9279e-04
Loss = 3.7802e-01, PNorm = 35.6902, GNorm = 1.5566, lr_0 = 9.8766e-04
Loss = 4.6159e-01, PNorm = 35.7629, GNorm = 3.4076, lr_0 = 9.8257e-04
Loss = 3.1208e-01, PNorm = 35.8279, GNorm = 6.0251, lr_0 = 9.7750e-04
Loss = 3.9296e-01, PNorm = 35.8740, GNorm = 4.0854, lr_0 = 9.7246e-04
Loss = 4.5510e-01, PNorm = 35.9404, GNorm = 3.2170, lr_0 = 9.6744e-04
Loss = 3.9383e-01, PNorm = 35.9986, GNorm = 1.5057, lr_0 = 9.6245e-04
Loss = 5.2109e-01, PNorm = 36.0692, GNorm = 5.9888, lr_0 = 9.5749e-04
Loss = 3.8072e-01, PNorm = 36.1272, GNorm = 0.9232, lr_0 = 9.5255e-04
Loss = 3.7480e-01, PNorm = 36.1839, GNorm = 3.3236, lr_0 = 9.4763e-04
Loss = 3.4255e-01, PNorm = 36.2351, GNorm = 3.4361, lr_0 = 9.4274e-04
Loss = 3.5487e-01, PNorm = 36.2863, GNorm = 0.9755, lr_0 = 9.3788e-04
Loss = 3.8932e-01, PNorm = 36.3299, GNorm = 2.8725, lr_0 = 9.3304e-04
Loss = 2.7719e-01, PNorm = 36.3803, GNorm = 1.5246, lr_0 = 9.2823e-04
Loss = 4.1870e-01, PNorm = 36.4258, GNorm = 4.6456, lr_0 = 9.2344e-04
Validation rmse = 0.790625
Epoch 3
Loss = 1.5392e-01, PNorm = 36.4686, GNorm = 1.4963, lr_0 = 9.1868e-04
Loss = 3.0853e-01, PNorm = 36.5013, GNorm = 1.8422, lr_0 = 9.1394e-04
Loss = 3.0085e-01, PNorm = 36.5495, GNorm = 1.7342, lr_0 = 9.0922e-04
Loss = 3.2750e-01, PNorm = 36.5837, GNorm = 1.3700, lr_0 = 9.0453e-04
Loss = 3.1850e-01, PNorm = 36.6271, GNorm = 1.0434, lr_0 = 8.9987e-04
Loss = 3.0836e-01, PNorm = 36.6594, GNorm = 2.1910, lr_0 = 8.9522e-04
Loss = 3.2059e-01, PNorm = 36.7104, GNorm = 1.9998, lr_0 = 8.9061e-04
Loss = 3.4669e-01, PNorm = 36.7495, GNorm = 2.5637, lr_0 = 8.8601e-04
Loss = 3.8332e-01, PNorm = 36.7852, GNorm = 3.2955, lr_0 = 8.8144e-04
Loss = 3.0461e-01, PNorm = 36.8357, GNorm = 2.6126, lr_0 = 8.7689e-04
Loss = 2.8051e-01, PNorm = 36.8731, GNorm = 4.3692, lr_0 = 8.7237e-04
Loss = 3.0158e-01, PNorm = 36.9166, GNorm = 1.9742, lr_0 = 8.6787e-04
Loss = 3.0497e-01, PNorm = 36.9490, GNorm = 2.7332, lr_0 = 8.6339e-04
Loss = 3.3860e-01, PNorm = 36.9859, GNorm = 1.4378, lr_0 = 8.5894e-04
Loss = 2.6043e-01, PNorm = 37.0345, GNorm = 2.0495, lr_0 = 8.5451e-04
Loss = 2.9449e-01, PNorm = 37.0674, GNorm = 1.8112, lr_0 = 8.5010e-04
Validation rmse = 0.761045
Epoch 4
Loss = 2.4566e-01, PNorm = 37.1058, GNorm = 2.4189, lr_0 = 8.4571e-04
Loss = 2.6105e-01, PNorm = 37.1356, GNorm = 2.8689, lr_0 = 8.4135e-04
Loss = 3.2830e-01, PNorm = 37.1592, GNorm = 2.0431, lr_0 = 8.3701e-04
Loss = 2.5015e-01, PNorm = 37.1925, GNorm = 0.8091, lr_0 = 8.3269e-04
Loss = 2.2329e-01, PNorm = 37.2156, GNorm = 1.9534, lr_0 = 8.2840e-04
Loss = 2.9336e-01, PNorm = 37.2383, GNorm = 4.5739, lr_0 = 8.2412e-04
Loss = 3.2663e-01, PNorm = 37.2739, GNorm = 0.8506, lr_0 = 8.1987e-04
Loss = 2.3874e-01, PNorm = 37.3145, GNorm = 1.1927, lr_0 = 8.1564e-04
Loss = 2.7034e-01, PNorm = 37.3413, GNorm = 2.7795, lr_0 = 8.1144e-04
Loss = 2.2826e-01, PNorm = 37.3734, GNorm = 2.8477, lr_0 = 8.0725e-04
Loss = 2.6923e-01, PNorm = 37.3972, GNorm = 1.5391, lr_0 = 8.0309e-04
Loss = 2.8424e-01, PNorm = 37.4307, GNorm = 0.7935, lr_0 = 7.9894e-04
Loss = 2.4589e-01, PNorm = 37.4591, GNorm = 1.9855, lr_0 = 7.9482e-04
Loss = 2.4545e-01, PNorm = 37.4859, GNorm = 2.8796, lr_0 = 7.9072e-04
Loss = 2.3722e-01, PNorm = 37.5197, GNorm = 3.3571, lr_0 = 7.8664e-04
Loss = 2.1274e-01, PNorm = 37.5438, GNorm = 1.4703, lr_0 = 7.8258e-04
Validation rmse = 0.677604
Epoch 5
Loss = 2.1020e-01, PNorm = 37.5720, GNorm = 1.5023, lr_0 = 7.7855e-04
Loss = 2.2492e-01, PNorm = 37.5927, GNorm = 1.8806, lr_0 = 7.7453e-04
Loss = 2.0683e-01, PNorm = 37.6120, GNorm = 2.9102, lr_0 = 7.7054e-04
Loss = 2.3244e-01, PNorm = 37.6322, GNorm = 2.1962, lr_0 = 7.6656e-04
Loss = 2.2436e-01, PNorm = 37.6528, GNorm = 0.9281, lr_0 = 7.6261e-04
Loss = 2.2053e-01, PNorm = 37.6786, GNorm = 1.6283, lr_0 = 7.5867e-04
Loss = 2.2818e-01, PNorm = 37.7080, GNorm = 1.8484, lr_0 = 7.5476e-04
Loss = 2.2324e-01, PNorm = 37.7304, GNorm = 1.8425, lr_0 = 7.5086e-04
Loss = 2.0752e-01, PNorm = 37.7462, GNorm = 1.1779, lr_0 = 7.4699e-04
Loss = 2.3077e-01, PNorm = 37.7646, GNorm = 2.6155, lr_0 = 7.4314e-04
Loss = 2.2466e-01, PNorm = 37.7959, GNorm = 1.0644, lr_0 = 7.3930e-04
Loss = 2.1564e-01, PNorm = 37.8258, GNorm = 1.2585, lr_0 = 7.3549e-04
Loss = 2.2833e-01, PNorm = 37.8475, GNorm = 0.9802, lr_0 = 7.3170e-04
Loss = 2.2268e-01, PNorm = 37.8678, GNorm = 2.9718, lr_0 = 7.2792e-04
Loss = 2.1600e-01, PNorm = 37.8826, GNorm = 2.6125, lr_0 = 7.2417e-04
Loss = 2.5861e-01, PNorm = 37.9041, GNorm = 1.9920, lr_0 = 7.2043e-04
Validation rmse = 0.645113
Epoch 6
Loss = 1.9892e-01, PNorm = 37.9341, GNorm = 1.8443, lr_0 = 7.1671e-04
Loss = 2.5944e-01, PNorm = 37.9583, GNorm = 1.2688, lr_0 = 7.1302e-04
Loss = 2.9173e-01, PNorm = 37.9842, GNorm = 1.1451, lr_0 = 7.0934e-04
Loss = 1.8718e-01, PNorm = 38.0041, GNorm = 0.7803, lr_0 = 7.0568e-04
Loss = 2.3870e-01, PNorm = 38.0284, GNorm = 0.8412, lr_0 = 7.0204e-04
Loss = 2.1183e-01, PNorm = 38.0516, GNorm = 1.6613, lr_0 = 6.9842e-04
Loss = 1.8826e-01, PNorm = 38.0725, GNorm = 2.6294, lr_0 = 6.9481e-04
Loss = 2.1248e-01, PNorm = 38.0853, GNorm = 0.9249, lr_0 = 6.9123e-04
Loss = 1.7219e-01, PNorm = 38.1082, GNorm = 2.4663, lr_0 = 6.8766e-04
Loss = 1.9690e-01, PNorm = 38.1138, GNorm = 0.8469, lr_0 = 6.8412e-04
Loss = 2.2286e-01, PNorm = 38.1233, GNorm = 2.2964, lr_0 = 6.8059e-04
Loss = 1.9700e-01, PNorm = 38.1515, GNorm = 0.9204, lr_0 = 6.7708e-04
Loss = 2.1525e-01, PNorm = 38.1780, GNorm = 3.0292, lr_0 = 6.7358e-04
Loss = 2.2444e-01, PNorm = 38.1909, GNorm = 0.7231, lr_0 = 6.7011e-04
Loss = 2.2297e-01, PNorm = 38.2094, GNorm = 1.1031, lr_0 = 6.6665e-04
Loss = 2.1062e-01, PNorm = 38.2333, GNorm = 2.6505, lr_0 = 6.6321e-04
Validation rmse = 0.633844
Epoch 7
Loss = 2.9133e-01, PNorm = 38.2463, GNorm = 1.6683, lr_0 = 6.5979e-04
Loss = 2.1247e-01, PNorm = 38.2733, GNorm = 3.6082, lr_0 = 6.5639e-04
Loss = 2.0118e-01, PNorm = 38.2934, GNorm = 1.4468, lr_0 = 6.5300e-04
Loss = 1.7320e-01, PNorm = 38.3105, GNorm = 0.7570, lr_0 = 6.4963e-04
Loss = 1.9827e-01, PNorm = 38.3200, GNorm = 3.4867, lr_0 = 6.4628e-04
Loss = 1.9778e-01, PNorm = 38.3373, GNorm = 0.8340, lr_0 = 6.4295e-04
Loss = 2.0350e-01, PNorm = 38.3555, GNorm = 1.6238, lr_0 = 6.3963e-04
Loss = 2.1916e-01, PNorm = 38.3744, GNorm = 1.4542, lr_0 = 6.3633e-04
Loss = 2.5565e-01, PNorm = 38.3885, GNorm = 1.8761, lr_0 = 6.3305e-04
Loss = 2.1870e-01, PNorm = 38.4013, GNorm = 3.5548, lr_0 = 6.2978e-04
Loss = 2.0590e-01, PNorm = 38.4161, GNorm = 0.8744, lr_0 = 6.2653e-04
Loss = 2.2685e-01, PNorm = 38.4289, GNorm = 2.7534, lr_0 = 6.2330e-04
Loss = 1.9035e-01, PNorm = 38.4495, GNorm = 2.3652, lr_0 = 6.2009e-04
Loss = 2.4642e-01, PNorm = 38.4681, GNorm = 4.6498, lr_0 = 6.1689e-04
Loss = 1.9801e-01, PNorm = 38.4872, GNorm = 4.5021, lr_0 = 6.1371e-04
Loss = 1.9834e-01, PNorm = 38.5063, GNorm = 0.8324, lr_0 = 6.1054e-04
Validation rmse = 0.629602
Epoch 8
Loss = 1.5299e-01, PNorm = 38.5249, GNorm = 1.3760, lr_0 = 6.0739e-04
Loss = 2.0450e-01, PNorm = 38.5479, GNorm = 1.2070, lr_0 = 6.0426e-04
Loss = 1.6989e-01, PNorm = 38.5550, GNorm = 1.1784, lr_0 = 6.0114e-04
Loss = 1.8784e-01, PNorm = 38.5742, GNorm = 1.2657, lr_0 = 5.9804e-04
Loss = 2.0195e-01, PNorm = 38.5945, GNorm = 2.1799, lr_0 = 5.9495e-04
Loss = 1.7084e-01, PNorm = 38.6022, GNorm = 1.3585, lr_0 = 5.9188e-04
Loss = 2.0667e-01, PNorm = 38.6110, GNorm = 1.7558, lr_0 = 5.8883e-04
Loss = 1.9505e-01, PNorm = 38.6376, GNorm = 1.0497, lr_0 = 5.8579e-04
Loss = 1.8513e-01, PNorm = 38.6500, GNorm = 1.1886, lr_0 = 5.8277e-04
Loss = 1.7938e-01, PNorm = 38.6624, GNorm = 1.1595, lr_0 = 5.7977e-04
Loss = 1.5692e-01, PNorm = 38.6742, GNorm = 1.9331, lr_0 = 5.7677e-04
Loss = 2.2050e-01, PNorm = 38.6815, GNorm = 1.2514, lr_0 = 5.7380e-04
Loss = 2.1423e-01, PNorm = 38.6959, GNorm = 1.2112, lr_0 = 5.7084e-04
Loss = 1.8174e-01, PNorm = 38.7018, GNorm = 0.7380, lr_0 = 5.6789e-04
Loss = 1.8970e-01, PNorm = 38.7127, GNorm = 2.7146, lr_0 = 5.6497e-04
Loss = 1.8149e-01, PNorm = 38.7212, GNorm = 1.0769, lr_0 = 5.6205e-04
Validation rmse = 0.597985
Epoch 9
Loss = 1.6128e-01, PNorm = 38.7267, GNorm = 1.1069, lr_0 = 5.5915e-04
Loss = 1.9686e-01, PNorm = 38.7437, GNorm = 1.7864, lr_0 = 5.5627e-04
Loss = 1.5165e-01, PNorm = 38.7458, GNorm = 0.6308, lr_0 = 5.5340e-04
Loss = 1.6639e-01, PNorm = 38.7550, GNorm = 1.4405, lr_0 = 5.5054e-04
Loss = 2.0003e-01, PNorm = 38.7753, GNorm = 2.1023, lr_0 = 5.4770e-04
Loss = 2.0876e-01, PNorm = 38.7850, GNorm = 0.8755, lr_0 = 5.4488e-04
Loss = 1.5267e-01, PNorm = 38.7989, GNorm = 1.0854, lr_0 = 5.4207e-04
Loss = 1.4103e-01, PNorm = 38.8085, GNorm = 0.8220, lr_0 = 5.3927e-04
Loss = 1.8401e-01, PNorm = 38.8205, GNorm = 1.3167, lr_0 = 5.3649e-04
Loss = 1.8944e-01, PNorm = 38.8229, GNorm = 2.7818, lr_0 = 5.3372e-04
Loss = 1.9171e-01, PNorm = 38.8298, GNorm = 1.2842, lr_0 = 5.3097e-04
Loss = 2.1584e-01, PNorm = 38.8507, GNorm = 1.8656, lr_0 = 5.2823e-04
Loss = 1.8220e-01, PNorm = 38.8574, GNorm = 1.7501, lr_0 = 5.2550e-04
Loss = 2.0871e-01, PNorm = 38.8796, GNorm = 2.7199, lr_0 = 5.2279e-04
Loss = 2.1568e-01, PNorm = 38.8894, GNorm = 2.0104, lr_0 = 5.2009e-04
Loss = 1.6130e-01, PNorm = 38.9020, GNorm = 1.0103, lr_0 = 5.1741e-04
Validation rmse = 0.596254
Epoch 10
Loss = 1.2510e-01, PNorm = 38.9157, GNorm = 0.9820, lr_0 = 5.1474e-04
Loss = 1.8040e-01, PNorm = 38.9249, GNorm = 1.3626, lr_0 = 5.1209e-04
Loss = 1.8922e-01, PNorm = 38.9320, GNorm = 1.1708, lr_0 = 5.0945e-04
Loss = 1.7067e-01, PNorm = 38.9433, GNorm = 0.7758, lr_0 = 5.0682e-04
Loss = 1.4809e-01, PNorm = 38.9494, GNorm = 0.7547, lr_0 = 5.0420e-04
Loss = 2.0863e-01, PNorm = 38.9522, GNorm = 3.4441, lr_0 = 5.0160e-04
Loss = 1.9807e-01, PNorm = 38.9624, GNorm = 0.8536, lr_0 = 4.9901e-04
Loss = 1.6306e-01, PNorm = 38.9714, GNorm = 1.5176, lr_0 = 4.9644e-04
Loss = 1.6063e-01, PNorm = 38.9854, GNorm = 0.8631, lr_0 = 4.9388e-04
Loss = 1.8344e-01, PNorm = 38.9937, GNorm = 0.8162, lr_0 = 4.9133e-04
Loss = 1.9158e-01, PNorm = 38.9925, GNorm = 1.5399, lr_0 = 4.8880e-04
Loss = 1.5998e-01, PNorm = 39.0008, GNorm = 1.0424, lr_0 = 4.8628e-04
Loss = 1.5145e-01, PNorm = 39.0071, GNorm = 1.2621, lr_0 = 4.8377e-04
Loss = 1.9703e-01, PNorm = 39.0195, GNorm = 2.2288, lr_0 = 4.8127e-04
Loss = 1.5234e-01, PNorm = 39.0299, GNorm = 1.1485, lr_0 = 4.7879e-04
Loss = 1.7223e-01, PNorm = 39.0396, GNorm = 1.1890, lr_0 = 4.7632e-04
Validation rmse = 0.638400
Epoch 11
Loss = 2.0984e-01, PNorm = 39.0516, GNorm = 3.2293, lr_0 = 4.7386e-04
Loss = 1.7444e-01, PNorm = 39.0604, GNorm = 2.0121, lr_0 = 4.7142e-04
Loss = 1.6594e-01, PNorm = 39.0746, GNorm = 1.6493, lr_0 = 4.6899e-04
Loss = 1.7361e-01, PNorm = 39.0871, GNorm = 1.2422, lr_0 = 4.6657e-04
Loss = 1.9489e-01, PNorm = 39.0937, GNorm = 1.1343, lr_0 = 4.6416e-04
Loss = 1.6693e-01, PNorm = 39.1007, GNorm = 1.3017, lr_0 = 4.6176e-04
Loss = 1.7146e-01, PNorm = 39.1107, GNorm = 1.5662, lr_0 = 4.5938e-04
Loss = 1.7528e-01, PNorm = 39.1194, GNorm = 1.5599, lr_0 = 4.5701e-04
Loss = 1.7150e-01, PNorm = 39.1299, GNorm = 1.5534, lr_0 = 4.5465e-04
Loss = 1.8060e-01, PNorm = 39.1367, GNorm = 0.8973, lr_0 = 4.5231e-04
Loss = 1.6011e-01, PNorm = 39.1377, GNorm = 2.1686, lr_0 = 4.4998e-04
Loss = 1.9604e-01, PNorm = 39.1542, GNorm = 1.1743, lr_0 = 4.4765e-04
Loss = 1.6266e-01, PNorm = 39.1597, GNorm = 3.0334, lr_0 = 4.4535e-04
Loss = 1.5150e-01, PNorm = 39.1652, GNorm = 1.0139, lr_0 = 4.4305e-04
Loss = 1.7684e-01, PNorm = 39.1735, GNorm = 1.1710, lr_0 = 4.4076e-04
Loss = 1.6910e-01, PNorm = 39.1782, GNorm = 0.9211, lr_0 = 4.3849e-04
Validation rmse = 0.584847
Epoch 12
Loss = 2.0614e-01, PNorm = 39.1847, GNorm = 1.8531, lr_0 = 4.3623e-04
Loss = 1.6722e-01, PNorm = 39.1879, GNorm = 0.9949, lr_0 = 4.3398e-04
Loss = 1.6922e-01, PNorm = 39.1945, GNorm = 1.9353, lr_0 = 4.3174e-04
Loss = 1.6908e-01, PNorm = 39.2049, GNorm = 1.3890, lr_0 = 4.2951e-04
Loss = 1.8483e-01, PNorm = 39.2104, GNorm = 0.5656, lr_0 = 4.2729e-04
Loss = 1.6173e-01, PNorm = 39.2168, GNorm = 1.4756, lr_0 = 4.2509e-04
Loss = 1.6344e-01, PNorm = 39.2304, GNorm = 2.2950, lr_0 = 4.2290e-04
Loss = 1.6219e-01, PNorm = 39.2335, GNorm = 0.6148, lr_0 = 4.2072e-04
Loss = 1.8840e-01, PNorm = 39.2401, GNorm = 2.1234, lr_0 = 4.1855e-04
Loss = 1.5575e-01, PNorm = 39.2439, GNorm = 0.7021, lr_0 = 4.1639e-04
Loss = 1.5265e-01, PNorm = 39.2562, GNorm = 0.9275, lr_0 = 4.1424e-04
Loss = 1.4528e-01, PNorm = 39.2659, GNorm = 1.7168, lr_0 = 4.1210e-04
Loss = 1.7858e-01, PNorm = 39.2746, GNorm = 1.9722, lr_0 = 4.0998e-04
Loss = 1.5165e-01, PNorm = 39.2828, GNorm = 0.8278, lr_0 = 4.0786e-04
Loss = 1.5084e-01, PNorm = 39.2910, GNorm = 2.2105, lr_0 = 4.0576e-04
Loss = 1.8534e-01, PNorm = 39.2924, GNorm = 3.3097, lr_0 = 4.0366e-04
Validation rmse = 0.610750
Epoch 13
Loss = 1.6562e-01, PNorm = 39.3016, GNorm = 1.7576, lr_0 = 4.0158e-04
Loss = 1.6514e-01, PNorm = 39.3148, GNorm = 1.0112, lr_0 = 3.9951e-04
Loss = 1.8294e-01, PNorm = 39.3260, GNorm = 1.4128, lr_0 = 3.9745e-04
Loss = 1.7078e-01, PNorm = 39.3260, GNorm = 1.6002, lr_0 = 3.9540e-04
Loss = 1.6316e-01, PNorm = 39.3356, GNorm = 0.8686, lr_0 = 3.9336e-04
Loss = 1.7238e-01, PNorm = 39.3422, GNorm = 0.8758, lr_0 = 3.9133e-04
Loss = 1.4853e-01, PNorm = 39.3445, GNorm = 0.8284, lr_0 = 3.8931e-04
Loss = 1.5793e-01, PNorm = 39.3477, GNorm = 1.9002, lr_0 = 3.8730e-04
Loss = 1.5928e-01, PNorm = 39.3562, GNorm = 0.7138, lr_0 = 3.8530e-04
Loss = 1.8390e-01, PNorm = 39.3713, GNorm = 0.9235, lr_0 = 3.8332e-04
Loss = 1.6161e-01, PNorm = 39.3770, GNorm = 1.3226, lr_0 = 3.8134e-04
Loss = 1.4740e-01, PNorm = 39.3869, GNorm = 1.1460, lr_0 = 3.7937e-04
Loss = 1.5797e-01, PNorm = 39.3898, GNorm = 2.0848, lr_0 = 3.7742e-04
Loss = 1.9119e-01, PNorm = 39.3928, GNorm = 2.1446, lr_0 = 3.7547e-04
Loss = 2.0677e-01, PNorm = 39.3969, GNorm = 1.1263, lr_0 = 3.7353e-04
Loss = 1.4656e-01, PNorm = 39.4028, GNorm = 1.1641, lr_0 = 3.7160e-04
Validation rmse = 0.569916
Epoch 14
Loss = 1.2523e-01, PNorm = 39.4112, GNorm = 0.9460, lr_0 = 3.6969e-04
Loss = 1.5039e-01, PNorm = 39.4179, GNorm = 0.9626, lr_0 = 3.6778e-04
Loss = 1.5298e-01, PNorm = 39.4266, GNorm = 0.7533, lr_0 = 3.6588e-04
Loss = 1.4256e-01, PNorm = 39.4322, GNorm = 1.2610, lr_0 = 3.6400e-04
Loss = 1.5850e-01, PNorm = 39.4457, GNorm = 1.0271, lr_0 = 3.6212e-04
Loss = 1.7094e-01, PNorm = 39.4498, GNorm = 1.6633, lr_0 = 3.6025e-04
Loss = 1.6556e-01, PNorm = 39.4515, GNorm = 0.6795, lr_0 = 3.5839e-04
Loss = 1.6318e-01, PNorm = 39.4547, GNorm = 1.9744, lr_0 = 3.5654e-04
Loss = 1.9181e-01, PNorm = 39.4660, GNorm = 1.3478, lr_0 = 3.5470e-04
Loss = 1.7014e-01, PNorm = 39.4737, GNorm = 0.7057, lr_0 = 3.5287e-04
Loss = 1.6543e-01, PNorm = 39.4793, GNorm = 0.6623, lr_0 = 3.5105e-04
Loss = 1.4711e-01, PNorm = 39.4870, GNorm = 1.2787, lr_0 = 3.4924e-04
Loss = 1.5142e-01, PNorm = 39.4923, GNorm = 0.9090, lr_0 = 3.4744e-04
Loss = 1.8334e-01, PNorm = 39.5017, GNorm = 1.8941, lr_0 = 3.4565e-04
Loss = 1.6417e-01, PNorm = 39.5045, GNorm = 1.5499, lr_0 = 3.4387e-04
Loss = 1.6529e-01, PNorm = 39.5087, GNorm = 0.9827, lr_0 = 3.4209e-04
Validation rmse = 0.595958
Epoch 15
Loss = 1.6790e-01, PNorm = 39.5117, GNorm = 1.8492, lr_0 = 3.4033e-04
Loss = 1.7284e-01, PNorm = 39.5181, GNorm = 0.6494, lr_0 = 3.3857e-04
Loss = 1.6075e-01, PNorm = 39.5245, GNorm = 1.1716, lr_0 = 3.3682e-04
Loss = 1.3674e-01, PNorm = 39.5287, GNorm = 1.0361, lr_0 = 3.3509e-04
Loss = 1.7726e-01, PNorm = 39.5340, GNorm = 1.1708, lr_0 = 3.3336e-04
Loss = 1.4458e-01, PNorm = 39.5368, GNorm = 1.0232, lr_0 = 3.3164e-04
Loss = 1.5177e-01, PNorm = 39.5452, GNorm = 1.1506, lr_0 = 3.2993e-04
Loss = 1.6758e-01, PNorm = 39.5502, GNorm = 0.9243, lr_0 = 3.2823e-04
Loss = 1.5553e-01, PNorm = 39.5550, GNorm = 2.6462, lr_0 = 3.2653e-04
Loss = 1.8294e-01, PNorm = 39.5616, GNorm = 1.4551, lr_0 = 3.2485e-04
Loss = 1.6858e-01, PNorm = 39.5654, GNorm = 0.9545, lr_0 = 3.2317e-04
Loss = 1.4880e-01, PNorm = 39.5698, GNorm = 0.6977, lr_0 = 3.2151e-04
Loss = 1.4615e-01, PNorm = 39.5737, GNorm = 0.7919, lr_0 = 3.1985e-04
Loss = 1.6144e-01, PNorm = 39.5823, GNorm = 1.3305, lr_0 = 3.1820e-04
Loss = 1.5725e-01, PNorm = 39.5879, GNorm = 1.0924, lr_0 = 3.1656e-04
Loss = 1.4729e-01, PNorm = 39.5878, GNorm = 0.7850, lr_0 = 3.1492e-04
Validation rmse = 0.564698
Epoch 16
Loss = 1.3571e-01, PNorm = 39.5945, GNorm = 1.7047, lr_0 = 3.1330e-04
Loss = 1.5875e-01, PNorm = 39.5997, GNorm = 3.6799, lr_0 = 3.1168e-04
Loss = 1.8578e-01, PNorm = 39.6027, GNorm = 2.7978, lr_0 = 3.1007e-04
Loss = 1.6462e-01, PNorm = 39.6081, GNorm = 1.6262, lr_0 = 3.0847e-04
Loss = 1.7467e-01, PNorm = 39.6169, GNorm = 0.9349, lr_0 = 3.0688e-04
Loss = 1.6170e-01, PNorm = 39.6241, GNorm = 1.5429, lr_0 = 3.0530e-04
Loss = 1.3821e-01, PNorm = 39.6277, GNorm = 0.8715, lr_0 = 3.0372e-04
Loss = 1.5320e-01, PNorm = 39.6313, GNorm = 1.4148, lr_0 = 3.0216e-04
Loss = 1.4761e-01, PNorm = 39.6337, GNorm = 1.5075, lr_0 = 3.0060e-04
Loss = 1.3517e-01, PNorm = 39.6359, GNorm = 0.9766, lr_0 = 2.9905e-04
Loss = 1.5783e-01, PNorm = 39.6375, GNorm = 0.7236, lr_0 = 2.9751e-04
Loss = 1.4344e-01, PNorm = 39.6426, GNorm = 1.0054, lr_0 = 2.9597e-04
Loss = 1.5593e-01, PNorm = 39.6472, GNorm = 1.9165, lr_0 = 2.9444e-04
Loss = 1.6427e-01, PNorm = 39.6538, GNorm = 0.9401, lr_0 = 2.9293e-04
Loss = 1.5782e-01, PNorm = 39.6570, GNorm = 0.6837, lr_0 = 2.9141e-04
Loss = 1.6267e-01, PNorm = 39.6612, GNorm = 1.6080, lr_0 = 2.8991e-04
Validation rmse = 0.561761
Epoch 17
Loss = 1.4715e-01, PNorm = 39.6691, GNorm = 1.1443, lr_0 = 2.8827e-04
Loss = 1.6489e-01, PNorm = 39.6700, GNorm = 1.1849, lr_0 = 2.8678e-04
Loss = 1.4776e-01, PNorm = 39.6754, GNorm = 1.5335, lr_0 = 2.8530e-04
Loss = 1.8706e-01, PNorm = 39.6844, GNorm = 1.3774, lr_0 = 2.8383e-04
Loss = 1.5483e-01, PNorm = 39.6834, GNorm = 0.6053, lr_0 = 2.8236e-04
Loss = 1.8822e-01, PNorm = 39.6896, GNorm = 2.3757, lr_0 = 2.8091e-04
Loss = 1.6447e-01, PNorm = 39.6934, GNorm = 1.1823, lr_0 = 2.7946e-04
Loss = 1.5291e-01, PNorm = 39.6996, GNorm = 1.8476, lr_0 = 2.7802e-04
Loss = 1.6021e-01, PNorm = 39.7024, GNorm = 2.2770, lr_0 = 2.7658e-04
Loss = 1.4298e-01, PNorm = 39.7082, GNorm = 1.8925, lr_0 = 2.7516e-04
Loss = 1.2211e-01, PNorm = 39.7119, GNorm = 0.7236, lr_0 = 2.7374e-04
Loss = 1.6565e-01, PNorm = 39.7143, GNorm = 0.5754, lr_0 = 2.7232e-04
Loss = 1.4238e-01, PNorm = 39.7185, GNorm = 0.7054, lr_0 = 2.7092e-04
Loss = 1.4970e-01, PNorm = 39.7246, GNorm = 0.6809, lr_0 = 2.6952e-04
Loss = 1.4113e-01, PNorm = 39.7292, GNorm = 1.0028, lr_0 = 2.6813e-04
Loss = 1.6198e-01, PNorm = 39.7370, GNorm = 0.8675, lr_0 = 2.6675e-04
Validation rmse = 0.570418
Epoch 18
Loss = 2.6685e-01, PNorm = 39.7385, GNorm = 1.9300, lr_0 = 2.6537e-04
Loss = 1.5303e-01, PNorm = 39.7419, GNorm = 0.7637, lr_0 = 2.6400e-04
Loss = 1.3820e-01, PNorm = 39.7476, GNorm = 1.1647, lr_0 = 2.6264e-04
Loss = 1.4351e-01, PNorm = 39.7493, GNorm = 0.9607, lr_0 = 2.6129e-04
Loss = 1.4522e-01, PNorm = 39.7501, GNorm = 2.3007, lr_0 = 2.5994e-04
Loss = 1.5335e-01, PNorm = 39.7489, GNorm = 0.7869, lr_0 = 2.5860e-04
Loss = 1.5602e-01, PNorm = 39.7541, GNorm = 0.7810, lr_0 = 2.5726e-04
Loss = 1.6808e-01, PNorm = 39.7634, GNorm = 1.1334, lr_0 = 2.5594e-04
Loss = 1.3875e-01, PNorm = 39.7639, GNorm = 0.5854, lr_0 = 2.5462e-04
Loss = 1.6304e-01, PNorm = 39.7667, GNorm = 0.5828, lr_0 = 2.5330e-04
Loss = 1.7474e-01, PNorm = 39.7730, GNorm = 0.8981, lr_0 = 2.5200e-04
Loss = 1.3713e-01, PNorm = 39.7769, GNorm = 2.2089, lr_0 = 2.5070e-04
Loss = 1.5029e-01, PNorm = 39.7822, GNorm = 0.6462, lr_0 = 2.4940e-04
Loss = 1.5012e-01, PNorm = 39.7902, GNorm = 0.7607, lr_0 = 2.4812e-04
Loss = 1.5608e-01, PNorm = 39.7919, GNorm = 1.4281, lr_0 = 2.4684e-04
Loss = 1.4671e-01, PNorm = 39.7963, GNorm = 0.9395, lr_0 = 2.4556e-04
Validation rmse = 0.550932
Epoch 19
Loss = 1.0838e-01, PNorm = 39.7942, GNorm = 1.1271, lr_0 = 2.4430e-04
Loss = 1.3862e-01, PNorm = 39.7985, GNorm = 0.8952, lr_0 = 2.4304e-04
Loss = 1.5035e-01, PNorm = 39.8062, GNorm = 0.8951, lr_0 = 2.4178e-04
Loss = 1.5178e-01, PNorm = 39.8115, GNorm = 1.3860, lr_0 = 2.4053e-04
Loss = 1.4087e-01, PNorm = 39.8110, GNorm = 1.4679, lr_0 = 2.3929e-04
Loss = 1.2770e-01, PNorm = 39.8147, GNorm = 1.4911, lr_0 = 2.3806e-04
Loss = 1.8237e-01, PNorm = 39.8233, GNorm = 1.5698, lr_0 = 2.3683e-04
Loss = 1.4650e-01, PNorm = 39.8250, GNorm = 0.7632, lr_0 = 2.3561e-04
Loss = 1.3623e-01, PNorm = 39.8242, GNorm = 0.7084, lr_0 = 2.3439e-04
Loss = 1.7345e-01, PNorm = 39.8283, GNorm = 1.4210, lr_0 = 2.3318e-04
Loss = 1.6435e-01, PNorm = 39.8279, GNorm = 2.1209, lr_0 = 2.3198e-04
Loss = 1.5009e-01, PNorm = 39.8353, GNorm = 1.1231, lr_0 = 2.3078e-04
Loss = 1.7926e-01, PNorm = 39.8383, GNorm = 1.6248, lr_0 = 2.2959e-04
Loss = 1.4514e-01, PNorm = 39.8396, GNorm = 1.1299, lr_0 = 2.2841e-04
Loss = 1.4914e-01, PNorm = 39.8440, GNorm = 0.6353, lr_0 = 2.2723e-04
Loss = 1.3852e-01, PNorm = 39.8448, GNorm = 1.2625, lr_0 = 2.2606e-04
Validation rmse = 0.550195
Epoch 20
Loss = 1.6587e-01, PNorm = 39.8488, GNorm = 1.3479, lr_0 = 2.2489e-04
Loss = 1.4764e-01, PNorm = 39.8560, GNorm = 0.7554, lr_0 = 2.2373e-04
Loss = 1.6599e-01, PNorm = 39.8578, GNorm = 1.5916, lr_0 = 2.2258e-04
Loss = 1.5041e-01, PNorm = 39.8637, GNorm = 1.5979, lr_0 = 2.2143e-04
Loss = 1.4474e-01, PNorm = 39.8645, GNorm = 1.5925, lr_0 = 2.2029e-04
Loss = 1.6956e-01, PNorm = 39.8656, GNorm = 1.7289, lr_0 = 2.1915e-04
Loss = 1.3631e-01, PNorm = 39.8704, GNorm = 0.7678, lr_0 = 2.1802e-04
Loss = 1.4286e-01, PNorm = 39.8715, GNorm = 0.6910, lr_0 = 2.1690e-04
Loss = 1.3087e-01, PNorm = 39.8765, GNorm = 1.0618, lr_0 = 2.1578e-04
Loss = 1.5970e-01, PNorm = 39.8787, GNorm = 1.0287, lr_0 = 2.1466e-04
Loss = 1.6651e-01, PNorm = 39.8785, GNorm = 0.9298, lr_0 = 2.1356e-04
Loss = 1.3896e-01, PNorm = 39.8828, GNorm = 1.5506, lr_0 = 2.1246e-04
Loss = 1.3758e-01, PNorm = 39.8847, GNorm = 1.6245, lr_0 = 2.1136e-04
Loss = 1.1914e-01, PNorm = 39.8884, GNorm = 1.0387, lr_0 = 2.1027e-04
Loss = 1.4748e-01, PNorm = 39.8895, GNorm = 0.7725, lr_0 = 2.0918e-04
Loss = 1.6752e-01, PNorm = 39.8897, GNorm = 1.0763, lr_0 = 2.0811e-04
Validation rmse = 0.548650
Epoch 21
Loss = 1.7138e-01, PNorm = 39.8941, GNorm = 1.1237, lr_0 = 2.0703e-04
Loss = 1.6277e-01, PNorm = 39.8985, GNorm = 3.1303, lr_0 = 2.0596e-04
Loss = 1.3533e-01, PNorm = 39.9003, GNorm = 0.8020, lr_0 = 2.0490e-04
Loss = 1.4799e-01, PNorm = 39.9022, GNorm = 1.4225, lr_0 = 2.0384e-04
Loss = 1.2408e-01, PNorm = 39.9054, GNorm = 0.5723, lr_0 = 2.0279e-04
Loss = 1.5944e-01, PNorm = 39.9084, GNorm = 1.0903, lr_0 = 2.0175e-04
Loss = 1.2177e-01, PNorm = 39.9098, GNorm = 0.8328, lr_0 = 2.0071e-04
Loss = 1.4635e-01, PNorm = 39.9110, GNorm = 0.4971, lr_0 = 1.9967e-04
Loss = 1.4540e-01, PNorm = 39.9128, GNorm = 0.8308, lr_0 = 1.9864e-04
Loss = 1.5127e-01, PNorm = 39.9179, GNorm = 0.7177, lr_0 = 1.9762e-04
Loss = 1.2748e-01, PNorm = 39.9220, GNorm = 1.5783, lr_0 = 1.9660e-04
Loss = 1.4415e-01, PNorm = 39.9231, GNorm = 0.7550, lr_0 = 1.9558e-04
Loss = 1.4062e-01, PNorm = 39.9264, GNorm = 1.3093, lr_0 = 1.9457e-04
Loss = 1.4988e-01, PNorm = 39.9291, GNorm = 1.2730, lr_0 = 1.9357e-04
Loss = 1.4389e-01, PNorm = 39.9268, GNorm = 0.9758, lr_0 = 1.9257e-04
Loss = 1.5603e-01, PNorm = 39.9297, GNorm = 0.9278, lr_0 = 1.9158e-04
Validation rmse = 0.555430
Epoch 22
Loss = 1.6852e-01, PNorm = 39.9332, GNorm = 1.1908, lr_0 = 1.9059e-04
Loss = 1.4443e-01, PNorm = 39.9371, GNorm = 0.8471, lr_0 = 1.8961e-04
Loss = 1.4658e-01, PNorm = 39.9412, GNorm = 0.9177, lr_0 = 1.8863e-04
Loss = 1.2516e-01, PNorm = 39.9399, GNorm = 1.0089, lr_0 = 1.8766e-04
Loss = 1.4303e-01, PNorm = 39.9415, GNorm = 0.8197, lr_0 = 1.8669e-04
Loss = 1.6326e-01, PNorm = 39.9444, GNorm = 1.8943, lr_0 = 1.8572e-04
Loss = 1.3602e-01, PNorm = 39.9473, GNorm = 1.0686, lr_0 = 1.8477e-04
Loss = 1.3444e-01, PNorm = 39.9492, GNorm = 1.1282, lr_0 = 1.8381e-04
Loss = 1.3254e-01, PNorm = 39.9515, GNorm = 0.6244, lr_0 = 1.8286e-04
Loss = 1.4777e-01, PNorm = 39.9550, GNorm = 1.4232, lr_0 = 1.8192e-04
Loss = 1.2333e-01, PNorm = 39.9589, GNorm = 1.2438, lr_0 = 1.8098e-04
Loss = 1.5881e-01, PNorm = 39.9630, GNorm = 0.7315, lr_0 = 1.8005e-04
Loss = 1.3978e-01, PNorm = 39.9649, GNorm = 0.9679, lr_0 = 1.7912e-04
Loss = 1.3404e-01, PNorm = 39.9667, GNorm = 1.9690, lr_0 = 1.7820e-04
Loss = 1.5369e-01, PNorm = 39.9692, GNorm = 1.8363, lr_0 = 1.7728e-04
Loss = 1.8001e-01, PNorm = 39.9726, GNorm = 1.4079, lr_0 = 1.7636e-04
Validation rmse = 0.544522
Epoch 23
Loss = 1.4438e-01, PNorm = 39.9729, GNorm = 0.6262, lr_0 = 1.7545e-04
Loss = 1.2706e-01, PNorm = 39.9736, GNorm = 0.6985, lr_0 = 1.7455e-04
Loss = 1.8424e-01, PNorm = 39.9775, GNorm = 1.4202, lr_0 = 1.7365e-04
Loss = 1.6998e-01, PNorm = 39.9783, GNorm = 0.7776, lr_0 = 1.7275e-04
Loss = 1.4039e-01, PNorm = 39.9846, GNorm = 0.7901, lr_0 = 1.7186e-04
Loss = 1.6083e-01, PNorm = 39.9881, GNorm = 1.1902, lr_0 = 1.7097e-04
Loss = 1.4366e-01, PNorm = 39.9897, GNorm = 1.2501, lr_0 = 1.7009e-04
Loss = 1.3410e-01, PNorm = 39.9918, GNorm = 1.1391, lr_0 = 1.6921e-04
Loss = 1.5624e-01, PNorm = 39.9948, GNorm = 1.5065, lr_0 = 1.6834e-04
Loss = 1.5188e-01, PNorm = 39.9977, GNorm = 0.6878, lr_0 = 1.6747e-04
Loss = 1.3387e-01, PNorm = 39.9989, GNorm = 0.6872, lr_0 = 1.6661e-04
Loss = 1.3970e-01, PNorm = 39.9993, GNorm = 1.9459, lr_0 = 1.6575e-04
Loss = 1.3745e-01, PNorm = 40.0009, GNorm = 1.7107, lr_0 = 1.6489e-04
Loss = 1.4462e-01, PNorm = 40.0054, GNorm = 1.2578, lr_0 = 1.6404e-04
Loss = 1.3526e-01, PNorm = 40.0076, GNorm = 1.5812, lr_0 = 1.6320e-04
Loss = 1.4561e-01, PNorm = 40.0119, GNorm = 0.6015, lr_0 = 1.6236e-04
Validation rmse = 0.547647
Epoch 24
Loss = 1.3766e-01, PNorm = 40.0141, GNorm = 0.9464, lr_0 = 1.6152e-04
Loss = 1.5904e-01, PNorm = 40.0134, GNorm = 1.4736, lr_0 = 1.6068e-04
Loss = 1.4550e-01, PNorm = 40.0168, GNorm = 1.1423, lr_0 = 1.5986e-04
Loss = 1.6430e-01, PNorm = 40.0206, GNorm = 1.1691, lr_0 = 1.5903e-04
Loss = 1.4648e-01, PNorm = 40.0233, GNorm = 1.4015, lr_0 = 1.5821e-04
Loss = 1.4641e-01, PNorm = 40.0244, GNorm = 1.2806, lr_0 = 1.5739e-04
Loss = 1.4864e-01, PNorm = 40.0254, GNorm = 0.9407, lr_0 = 1.5658e-04
Loss = 1.4688e-01, PNorm = 40.0279, GNorm = 0.9993, lr_0 = 1.5577e-04
Loss = 1.4895e-01, PNorm = 40.0289, GNorm = 1.0164, lr_0 = 1.5497e-04
Loss = 1.3895e-01, PNorm = 40.0301, GNorm = 0.7559, lr_0 = 1.5417e-04
Loss = 1.2890e-01, PNorm = 40.0336, GNorm = 0.8127, lr_0 = 1.5338e-04
Loss = 1.3493e-01, PNorm = 40.0353, GNorm = 1.6244, lr_0 = 1.5259e-04
Loss = 1.4862e-01, PNorm = 40.0340, GNorm = 0.8589, lr_0 = 1.5180e-04
Loss = 1.3713e-01, PNorm = 40.0361, GNorm = 1.3690, lr_0 = 1.5102e-04
Loss = 1.4066e-01, PNorm = 40.0393, GNorm = 1.1949, lr_0 = 1.5024e-04
Loss = 1.3317e-01, PNorm = 40.0404, GNorm = 0.6171, lr_0 = 1.4946e-04
Validation rmse = 0.540392
Epoch 25
Loss = 1.0998e-01, PNorm = 40.0412, GNorm = 0.7676, lr_0 = 1.4869e-04
Loss = 1.0966e-01, PNorm = 40.0449, GNorm = 0.5199, lr_0 = 1.4792e-04
Loss = 1.2293e-01, PNorm = 40.0482, GNorm = 1.5799, lr_0 = 1.4716e-04
Loss = 1.6102e-01, PNorm = 40.0499, GNorm = 1.4530, lr_0 = 1.4640e-04
Loss = 1.5631e-01, PNorm = 40.0501, GNorm = 1.8830, lr_0 = 1.4565e-04
Loss = 1.5322e-01, PNorm = 40.0543, GNorm = 1.2661, lr_0 = 1.4489e-04
Loss = 1.4460e-01, PNorm = 40.0567, GNorm = 0.6640, lr_0 = 1.4415e-04
Loss = 1.4197e-01, PNorm = 40.0541, GNorm = 1.4825, lr_0 = 1.4340e-04
Loss = 1.4993e-01, PNorm = 40.0582, GNorm = 0.7460, lr_0 = 1.4266e-04
Loss = 1.4627e-01, PNorm = 40.0615, GNorm = 0.5288, lr_0 = 1.4193e-04
Loss = 1.4956e-01, PNorm = 40.0621, GNorm = 0.7450, lr_0 = 1.4120e-04
Loss = 1.4785e-01, PNorm = 40.0606, GNorm = 2.1714, lr_0 = 1.4047e-04
Loss = 1.4859e-01, PNorm = 40.0616, GNorm = 1.5437, lr_0 = 1.3974e-04
Loss = 1.4954e-01, PNorm = 40.0634, GNorm = 0.7311, lr_0 = 1.3902e-04
Loss = 1.2472e-01, PNorm = 40.0641, GNorm = 0.5598, lr_0 = 1.3830e-04
Loss = 1.4910e-01, PNorm = 40.0652, GNorm = 1.8426, lr_0 = 1.3759e-04
Validation rmse = 0.546193
Epoch 26
Loss = 1.4510e-01, PNorm = 40.0687, GNorm = 0.7625, lr_0 = 1.3688e-04
Loss = 1.1819e-01, PNorm = 40.0695, GNorm = 0.5834, lr_0 = 1.3617e-04
Loss = 1.4179e-01, PNorm = 40.0725, GNorm = 0.7143, lr_0 = 1.3547e-04
Loss = 1.3983e-01, PNorm = 40.0755, GNorm = 0.9405, lr_0 = 1.3477e-04
Loss = 1.2937e-01, PNorm = 40.0762, GNorm = 0.9503, lr_0 = 1.3408e-04
Loss = 1.3137e-01, PNorm = 40.0799, GNorm = 0.5952, lr_0 = 1.3339e-04
Loss = 1.4118e-01, PNorm = 40.0804, GNorm = 0.8306, lr_0 = 1.3270e-04
Loss = 1.4610e-01, PNorm = 40.0806, GNorm = 0.8829, lr_0 = 1.3201e-04
Loss = 1.6043e-01, PNorm = 40.0821, GNorm = 0.6666, lr_0 = 1.3133e-04
Loss = 1.4821e-01, PNorm = 40.0837, GNorm = 0.9088, lr_0 = 1.3066e-04
Loss = 1.5107e-01, PNorm = 40.0854, GNorm = 1.8350, lr_0 = 1.2998e-04
Loss = 1.3014e-01, PNorm = 40.0876, GNorm = 0.7251, lr_0 = 1.2931e-04
Loss = 1.4457e-01, PNorm = 40.0896, GNorm = 0.8109, lr_0 = 1.2864e-04
Loss = 1.5541e-01, PNorm = 40.0902, GNorm = 0.8514, lr_0 = 1.2798e-04
Loss = 1.4697e-01, PNorm = 40.0918, GNorm = 2.1083, lr_0 = 1.2732e-04
Loss = 1.4828e-01, PNorm = 40.0940, GNorm = 0.7561, lr_0 = 1.2666e-04
Validation rmse = 0.541927
Epoch 27
Loss = 1.3577e-01, PNorm = 40.0961, GNorm = 0.6988, lr_0 = 1.2601e-04
Loss = 1.2612e-01, PNorm = 40.0990, GNorm = 1.7742, lr_0 = 1.2536e-04
Loss = 1.4554e-01, PNorm = 40.0988, GNorm = 0.6475, lr_0 = 1.2471e-04
Loss = 1.3869e-01, PNorm = 40.0995, GNorm = 0.5998, lr_0 = 1.2407e-04
Loss = 1.4765e-01, PNorm = 40.1016, GNorm = 0.7527, lr_0 = 1.2343e-04
Loss = 1.2238e-01, PNorm = 40.1033, GNorm = 2.1654, lr_0 = 1.2279e-04
Loss = 1.1450e-01, PNorm = 40.1045, GNorm = 0.5452, lr_0 = 1.2216e-04
Loss = 1.6720e-01, PNorm = 40.1060, GNorm = 2.9134, lr_0 = 1.2153e-04
Loss = 1.3803e-01, PNorm = 40.1066, GNorm = 1.1781, lr_0 = 1.2090e-04
Loss = 1.4069e-01, PNorm = 40.1057, GNorm = 0.8586, lr_0 = 1.2028e-04
Loss = 1.4458e-01, PNorm = 40.1077, GNorm = 1.0861, lr_0 = 1.1966e-04
Loss = 1.4228e-01, PNorm = 40.1093, GNorm = 0.6119, lr_0 = 1.1904e-04
Loss = 1.4196e-01, PNorm = 40.1111, GNorm = 0.8448, lr_0 = 1.1843e-04
Loss = 1.3563e-01, PNorm = 40.1135, GNorm = 1.3965, lr_0 = 1.1782e-04
Loss = 1.6527e-01, PNorm = 40.1144, GNorm = 1.3372, lr_0 = 1.1721e-04
Loss = 1.3228e-01, PNorm = 40.1134, GNorm = 0.7358, lr_0 = 1.1660e-04
Validation rmse = 0.537658
Epoch 28
Loss = 1.6682e-01, PNorm = 40.1157, GNorm = 0.5886, lr_0 = 1.1600e-04
Loss = 1.5451e-01, PNorm = 40.1192, GNorm = 1.2816, lr_0 = 1.1540e-04
Loss = 1.1349e-01, PNorm = 40.1189, GNorm = 0.6054, lr_0 = 1.1481e-04
Loss = 1.4387e-01, PNorm = 40.1184, GNorm = 1.0592, lr_0 = 1.1422e-04
Loss = 1.4631e-01, PNorm = 40.1201, GNorm = 0.8183, lr_0 = 1.1363e-04
Loss = 1.5298e-01, PNorm = 40.1220, GNorm = 0.8878, lr_0 = 1.1304e-04
Loss = 1.4330e-01, PNorm = 40.1236, GNorm = 0.8699, lr_0 = 1.1246e-04
Loss = 1.6111e-01, PNorm = 40.1251, GNorm = 1.6365, lr_0 = 1.1188e-04
Loss = 1.4915e-01, PNorm = 40.1281, GNorm = 1.4655, lr_0 = 1.1130e-04
Loss = 1.3472e-01, PNorm = 40.1290, GNorm = 1.3964, lr_0 = 1.1073e-04
Loss = 1.2917e-01, PNorm = 40.1302, GNorm = 1.5460, lr_0 = 1.1015e-04
Loss = 1.3073e-01, PNorm = 40.1318, GNorm = 1.5358, lr_0 = 1.0959e-04
Loss = 1.3180e-01, PNorm = 40.1314, GNorm = 1.0019, lr_0 = 1.0902e-04
Loss = 1.4934e-01, PNorm = 40.1321, GNorm = 0.9969, lr_0 = 1.0846e-04
Loss = 1.1760e-01, PNorm = 40.1328, GNorm = 1.7671, lr_0 = 1.0790e-04
Loss = 1.4068e-01, PNorm = 40.1337, GNorm = 1.5337, lr_0 = 1.0734e-04
Validation rmse = 0.540736
Epoch 29
Loss = 1.7678e-01, PNorm = 40.1356, GNorm = 1.0218, lr_0 = 1.0679e-04
Loss = 1.5456e-01, PNorm = 40.1345, GNorm = 1.0231, lr_0 = 1.0624e-04
Loss = 1.3288e-01, PNorm = 40.1361, GNorm = 0.6411, lr_0 = 1.0569e-04
Loss = 1.3835e-01, PNorm = 40.1381, GNorm = 1.1634, lr_0 = 1.0514e-04
Loss = 1.3445e-01, PNorm = 40.1398, GNorm = 2.0568, lr_0 = 1.0460e-04
Loss = 1.3947e-01, PNorm = 40.1432, GNorm = 0.7231, lr_0 = 1.0406e-04
Loss = 1.3124e-01, PNorm = 40.1442, GNorm = 1.0227, lr_0 = 1.0353e-04
Loss = 1.3537e-01, PNorm = 40.1441, GNorm = 0.6523, lr_0 = 1.0299e-04
Loss = 1.4891e-01, PNorm = 40.1469, GNorm = 0.8398, lr_0 = 1.0246e-04
Loss = 1.4800e-01, PNorm = 40.1483, GNorm = 2.8413, lr_0 = 1.0193e-04
Loss = 1.2607e-01, PNorm = 40.1499, GNorm = 1.4183, lr_0 = 1.0141e-04
Loss = 1.5180e-01, PNorm = 40.1515, GNorm = 0.8063, lr_0 = 1.0088e-04
Loss = 1.5495e-01, PNorm = 40.1534, GNorm = 0.8301, lr_0 = 1.0036e-04
Loss = 1.4086e-01, PNorm = 40.1548, GNorm = 1.1931, lr_0 = 1.0000e-04
Loss = 1.4364e-01, PNorm = 40.1565, GNorm = 0.9401, lr_0 = 1.0000e-04
Loss = 1.1458e-01, PNorm = 40.1569, GNorm = 0.9013, lr_0 = 1.0000e-04
Validation rmse = 0.535461
Model 0 best validation rmse = 0.535461 on epoch 29
Loading pretrained parameter "encoder.encoder.0.cached_zero_vector".
Loading pretrained parameter "encoder.encoder.0.W_i.weight".
Loading pretrained parameter "encoder.encoder.0.W_h.weight".
Loading pretrained parameter "encoder.encoder.0.W_o.weight".
Loading pretrained parameter "encoder.encoder.0.W_o.bias".
Loading pretrained parameter "readout.1.weight".
Loading pretrained parameter "readout.1.bias".
Loading pretrained parameter "readout.4.weight".
Loading pretrained parameter "readout.4.bias".
Model 0 test rmse = 0.531015
Ensemble test rmse = 0.531015
1-fold cross validation
	Seed 0 ==> test rmse = 0.531015
Overall test rmse = 0.531015 +/- 0.000000
Elapsed time = 0:13:15
